AdamW (
Parameter Group 0
    amsgrad: False
    betas: (0.9, 0.999)
    capturable: False
    differentiable: False
    eps: 1e-08
    foreach: None
    fused: None
    lr: 0.0001
    maximize: False
    weight_decay: 0.0001
)
True
Using RandomRotation, RandomFlip
#################### Start Training ####################
2024-05-01 21:39:24.251807 Epoch [001/080], Step [0020/0125],  lateral-5: 0.8929]
2024-05-01 21:39:40.431628 Epoch [001/080], Step [0040/0125],  lateral-5: 0.7189]
2024-05-01 21:39:56.585642 Epoch [001/080], Step [0060/0125],  lateral-5: 0.4685]
2024-05-01 21:40:12.745249 Epoch [001/080], Step [0080/0125],  lateral-5: 0.3518]
2024-05-01 21:40:28.909013 Epoch [001/080], Step [0100/0125],  lateral-5: 0.3084]
2024-05-01 21:40:45.092468 Epoch [001/080], Step [0120/0125],  lateral-5: 0.2921]
2024-05-01 21:40:49.087718 Epoch [001/080], Step [0125/0125],  lateral-5: 0.2842]
the number of test images is  1442
the current epoch is 1, the validation dice is 0.9104179611650487
##############################################################################best 0.9104179611650487
2024-05-01 21:44:34.751373 Epoch [002/080], Step [0020/0125],  lateral-5: 0.2718]
2024-05-01 21:44:50.840425 Epoch [002/080], Step [0040/0125],  lateral-5: 0.2660]
2024-05-01 21:45:07.110997 Epoch [002/080], Step [0060/0125],  lateral-5: 0.2557]
2024-05-01 21:45:23.259133 Epoch [002/080], Step [0080/0125],  lateral-5: 0.2678]
2024-05-01 21:45:39.408988 Epoch [002/080], Step [0100/0125],  lateral-5: 0.2792]
2024-05-01 21:45:55.571000 Epoch [002/080], Step [0120/0125],  lateral-5: 0.2651]
2024-05-01 21:45:59.294595 Epoch [002/080], Step [0125/0125],  lateral-5: 0.2544]
the number of test images is  1442
the current epoch is 2, the validation dice is 0.9226226768377256
##############################################################################best 0.9226226768377256
2024-05-01 21:49:57.465920 Epoch [003/080], Step [0020/0125],  lateral-5: 0.2357]
2024-05-01 21:50:13.553864 Epoch [003/080], Step [0040/0125],  lateral-5: 0.2270]
2024-05-01 21:50:29.679928 Epoch [003/080], Step [0060/0125],  lateral-5: 0.2235]
2024-05-01 21:50:45.818885 Epoch [003/080], Step [0080/0125],  lateral-5: 0.2275]
2024-05-01 21:51:01.948437 Epoch [003/080], Step [0100/0125],  lateral-5: 0.2278]
2024-05-01 21:51:18.082989 Epoch [003/080], Step [0120/0125],  lateral-5: 0.2265]
2024-05-01 21:51:21.800148 Epoch [003/080], Step [0125/0125],  lateral-5: 0.2273]
the number of test images is  1442
the current epoch is 3, the validation dice is 0.926006449375869
##############################################################################best 0.926006449375869
2024-05-01 21:55:13.666172 Epoch [004/080], Step [0020/0125],  lateral-5: 0.2091]
2024-05-01 21:55:29.791249 Epoch [004/080], Step [0040/0125],  lateral-5: 0.2120]
2024-05-01 21:55:45.943384 Epoch [004/080], Step [0060/0125],  lateral-5: 0.2168]
2024-05-01 21:56:02.095990 Epoch [004/080], Step [0080/0125],  lateral-5: 0.2092]
2024-05-01 21:56:18.248463 Epoch [004/080], Step [0100/0125],  lateral-5: 0.2055]
2024-05-01 21:56:34.400020 Epoch [004/080], Step [0120/0125],  lateral-5: 0.2121]
2024-05-01 21:56:38.122108 Epoch [004/080], Step [0125/0125],  lateral-5: 0.2104]
the number of test images is  1442
the current epoch is 4, the validation dice is 0.936223370319002
##############################################################################best 0.936223370319002
2024-05-01 22:00:37.234658 Epoch [005/080], Step [0020/0125],  lateral-5: 0.2045]
2024-05-01 22:00:53.357418 Epoch [005/080], Step [0040/0125],  lateral-5: 0.2070]
2024-05-01 22:01:09.513069 Epoch [005/080], Step [0060/0125],  lateral-5: 0.2058]
2024-05-01 22:01:25.676935 Epoch [005/080], Step [0080/0125],  lateral-5: 0.2089]
2024-05-01 22:01:41.827177 Epoch [005/080], Step [0100/0125],  lateral-5: 0.2076]
2024-05-01 22:01:58.017586 Epoch [005/080], Step [0120/0125],  lateral-5: 0.1984]
2024-05-01 22:02:01.740197 Epoch [005/080], Step [0125/0125],  lateral-5: 0.1960]
the number of test images is  1442
the current epoch is 5, the validation dice is 0.9393675450762827
##############################################################################best 0.9393675450762827
2024-05-01 22:05:51.760360 Epoch [006/080], Step [0020/0125],  lateral-5: 0.1977]
2024-05-01 22:06:07.877287 Epoch [006/080], Step [0040/0125],  lateral-5: 0.1937]
2024-05-01 22:06:23.996735 Epoch [006/080], Step [0060/0125],  lateral-5: 0.1956]
2024-05-01 22:06:40.155864 Epoch [006/080], Step [0080/0125],  lateral-5: 0.1952]
2024-05-01 22:06:56.317754 Epoch [006/080], Step [0100/0125],  lateral-5: 0.1946]
2024-05-01 22:07:12.480790 Epoch [006/080], Step [0120/0125],  lateral-5: 0.1989]
2024-05-01 22:07:16.199199 Epoch [006/080], Step [0125/0125],  lateral-5: 0.1960]
the number of test images is  1442
the current epoch is 6, the validation dice is 0.9440665742024968
##############################################################################best 0.9440665742024968
2024-05-01 22:10:42.750693 Epoch [007/080], Step [0020/0125],  lateral-5: 0.1941]
2024-05-01 22:10:58.857475 Epoch [007/080], Step [0040/0125],  lateral-5: 0.1961]
2024-05-01 22:11:14.950407 Epoch [007/080], Step [0060/0125],  lateral-5: 0.1948]
2024-05-01 22:11:31.076570 Epoch [007/080], Step [0080/0125],  lateral-5: 0.1916]
2024-05-01 22:11:47.371462 Epoch [007/080], Step [0100/0125],  lateral-5: 0.1938]
2024-05-01 22:12:03.522942 Epoch [007/080], Step [0120/0125],  lateral-5: 0.1914]
2024-05-01 22:12:07.244091 Epoch [007/080], Step [0125/0125],  lateral-5: 0.1910]
the number of test images is  1442
the current epoch is 7, the validation dice is 0.9309617198335653
2024-05-01 22:15:31.923765 Epoch [008/080], Step [0020/0125],  lateral-5: 0.1943]
2024-05-01 22:15:48.058980 Epoch [008/080], Step [0040/0125],  lateral-5: 0.1878]
2024-05-01 22:16:04.160461 Epoch [008/080], Step [0060/0125],  lateral-5: 0.1852]
2024-05-01 22:16:20.276334 Epoch [008/080], Step [0080/0125],  lateral-5: 0.1880]
2024-05-01 22:16:36.406643 Epoch [008/080], Step [0100/0125],  lateral-5: 0.1822]
2024-05-01 22:16:52.517491 Epoch [008/080], Step [0120/0125],  lateral-5: 0.1814]
2024-05-01 22:16:56.232205 Epoch [008/080], Step [0125/0125],  lateral-5: 0.1816]
the number of test images is  1442
the current epoch is 8, the validation dice is 0.9409170596393897
2024-05-01 22:20:02.270716 Epoch [009/080], Step [0020/0125],  lateral-5: 0.1901]
2024-05-01 22:20:18.302330 Epoch [009/080], Step [0040/0125],  lateral-5: 0.1823]
2024-05-01 22:20:34.387007 Epoch [009/080], Step [0060/0125],  lateral-5: 0.1734]
2024-05-01 22:20:50.507373 Epoch [009/080], Step [0080/0125],  lateral-5: 0.1777]
2024-05-01 22:21:06.623029 Epoch [009/080], Step [0100/0125],  lateral-5: 0.1749]
2024-05-01 22:21:22.731716 Epoch [009/080], Step [0120/0125],  lateral-5: 0.1779]
2024-05-01 22:21:26.438066 Epoch [009/080], Step [0125/0125],  lateral-5: 0.1789]
the number of test images is  1442
the current epoch is 9, the validation dice is 0.9394343273231639
2024-05-01 22:24:59.549623 Epoch [010/080], Step [0020/0125],  lateral-5: 0.1778]
2024-05-01 22:25:15.595453 Epoch [010/080], Step [0040/0125],  lateral-5: 0.1766]
2024-05-01 22:25:31.837497 Epoch [010/080], Step [0060/0125],  lateral-5: 0.1686]
2024-05-01 22:25:47.990988 Epoch [010/080], Step [0080/0125],  lateral-5: 0.1696]
2024-05-01 22:26:04.164759 Epoch [010/080], Step [0100/0125],  lateral-5: 0.1720]
2024-05-01 22:26:20.349163 Epoch [010/080], Step [0120/0125],  lateral-5: 0.1673]
2024-05-01 22:26:24.077586 Epoch [010/080], Step [0125/0125],  lateral-5: 0.1699]
the number of test images is  1442
the current epoch is 10, the validation dice is 0.9222780166435491
2024-05-01 22:29:24.149499 Epoch [011/080], Step [0020/0125],  lateral-5: 0.1739]
2024-05-01 22:29:40.177866 Epoch [011/080], Step [0040/0125],  lateral-5: 0.1698]
2024-05-01 22:29:56.255190 Epoch [011/080], Step [0060/0125],  lateral-5: 0.1675]
2024-05-01 22:30:12.352944 Epoch [011/080], Step [0080/0125],  lateral-5: 0.1703]
2024-05-01 22:30:28.465767 Epoch [011/080], Step [0100/0125],  lateral-5: 0.1707]
2024-05-01 22:30:44.582553 Epoch [011/080], Step [0120/0125],  lateral-5: 0.1711]
2024-05-01 22:30:48.294753 Epoch [011/080], Step [0125/0125],  lateral-5: 0.1704]
the number of test images is  1442
the current epoch is 11, the validation dice is 0.9408255201109567
2024-05-01 22:33:53.397326 Epoch [012/080], Step [0020/0125],  lateral-5: 0.1636]
2024-05-01 22:34:09.453335 Epoch [012/080], Step [0040/0125],  lateral-5: 0.1639]
2024-05-01 22:34:25.526382 Epoch [012/080], Step [0060/0125],  lateral-5: 0.1662]
2024-05-01 22:34:41.644559 Epoch [012/080], Step [0080/0125],  lateral-5: 0.1724]
2024-05-01 22:34:57.759673 Epoch [012/080], Step [0100/0125],  lateral-5: 0.1671]
2024-05-01 22:35:13.880438 Epoch [012/080], Step [0120/0125],  lateral-5: 0.1616]
2024-05-01 22:35:17.597933 Epoch [012/080], Step [0125/0125],  lateral-5: 0.1620]
the number of test images is  1442
the current epoch is 12, the validation dice is 0.9342975728155356
2024-05-01 22:38:46.258602 Epoch [013/080], Step [0020/0125],  lateral-5: 0.1603]
2024-05-01 22:39:02.359446 Epoch [013/080], Step [0040/0125],  lateral-5: 0.1582]
2024-05-01 22:39:18.466356 Epoch [013/080], Step [0060/0125],  lateral-5: 0.1619]
2024-05-01 22:39:34.603714 Epoch [013/080], Step [0080/0125],  lateral-5: 0.1649]
2024-05-01 22:39:50.761465 Epoch [013/080], Step [0100/0125],  lateral-5: 0.1630]
2024-05-01 22:40:06.916744 Epoch [013/080], Step [0120/0125],  lateral-5: 0.1563]
2024-05-01 22:40:10.641013 Epoch [013/080], Step [0125/0125],  lateral-5: 0.1575]
the number of test images is  1442
the current epoch is 13, the validation dice is 0.9277307212205266
2024-05-01 22:43:56.027870 Epoch [014/080], Step [0020/0125],  lateral-5: 0.1545]
2024-05-01 22:44:12.133306 Epoch [014/080], Step [0040/0125],  lateral-5: 0.1555]
2024-05-01 22:44:28.223147 Epoch [014/080], Step [0060/0125],  lateral-5: 0.1609]
2024-05-01 22:44:44.364695 Epoch [014/080], Step [0080/0125],  lateral-5: 0.1635]
2024-05-01 22:45:00.523623 Epoch [014/080], Step [0100/0125],  lateral-5: 0.1566]
2024-05-01 22:45:16.669939 Epoch [014/080], Step [0120/0125],  lateral-5: 0.1542]
2024-05-01 22:45:20.389668 Epoch [014/080], Step [0125/0125],  lateral-5: 0.1506]
the number of test images is  1442
the current epoch is 14, the validation dice is 0.9204606102635231
2024-05-01 22:49:09.493158 Epoch [015/080], Step [0020/0125],  lateral-5: 0.1478]
2024-05-01 22:49:25.579431 Epoch [015/080], Step [0040/0125],  lateral-5: 0.1588]
2024-05-01 22:49:41.672030 Epoch [015/080], Step [0060/0125],  lateral-5: 0.1617]
2024-05-01 22:49:57.798560 Epoch [015/080], Step [0080/0125],  lateral-5: 0.1542]
2024-05-01 22:50:13.941279 Epoch [015/080], Step [0100/0125],  lateral-5: 0.1620]
2024-05-01 22:50:30.210913 Epoch [015/080], Step [0120/0125],  lateral-5: 0.1665]
2024-05-01 22:50:33.924280 Epoch [015/080], Step [0125/0125],  lateral-5: 0.1688]
the number of test images is  1442
the current epoch is 15, the validation dice is 0.9357538141470187
2024-05-01 22:54:22.950113 Epoch [016/080], Step [0020/0125],  lateral-5: 0.1492]
2024-05-01 22:54:39.044878 Epoch [016/080], Step [0040/0125],  lateral-5: 0.1508]
2024-05-01 22:54:55.127117 Epoch [016/080], Step [0060/0125],  lateral-5: 0.1551]
2024-05-01 22:55:11.253314 Epoch [016/080], Step [0080/0125],  lateral-5: 0.1622]
2024-05-01 22:55:27.385866 Epoch [016/080], Step [0100/0125],  lateral-5: 0.1612]
2024-05-01 22:55:43.526840 Epoch [016/080], Step [0120/0125],  lateral-5: 0.1559]
2024-05-01 22:55:47.245596 Epoch [016/080], Step [0125/0125],  lateral-5: 0.1532]
the number of test images is  1442
the current epoch is 16, the validation dice is 0.9135330097087364
2024-05-01 22:59:34.246451 Epoch [017/080], Step [0020/0125],  lateral-5: 0.1483]
2024-05-01 22:59:50.287512 Epoch [017/080], Step [0040/0125],  lateral-5: 0.1569]
2024-05-01 23:00:06.378099 Epoch [017/080], Step [0060/0125],  lateral-5: 0.1623]
2024-05-01 23:00:22.478123 Epoch [017/080], Step [0080/0125],  lateral-5: 0.1588]
2024-05-01 23:00:38.577770 Epoch [017/080], Step [0100/0125],  lateral-5: 0.1511]
2024-05-01 23:00:54.675697 Epoch [017/080], Step [0120/0125],  lateral-5: 0.1483]
2024-05-01 23:00:58.378733 Epoch [017/080], Step [0125/0125],  lateral-5: 0.1506]
the number of test images is  1442
the current epoch is 17, the validation dice is 0.9336627600554802
2024-05-01 23:05:51.186625 Epoch [018/080], Step [0020/0125],  lateral-5: 0.1535]
2024-05-01 23:06:07.263006 Epoch [018/080], Step [0040/0125],  lateral-5: 0.1531]
2024-05-01 23:06:23.386289 Epoch [018/080], Step [0060/0125],  lateral-5: 0.1493]
2024-05-01 23:06:39.705619 Epoch [018/080], Step [0080/0125],  lateral-5: 0.1450]
2024-05-01 23:06:55.865162 Epoch [018/080], Step [0100/0125],  lateral-5: 0.1472]
2024-05-01 23:07:11.989278 Epoch [018/080], Step [0120/0125],  lateral-5: 0.1525]
2024-05-01 23:07:15.703333 Epoch [018/080], Step [0125/0125],  lateral-5: 0.1502]
the number of test images is  1442
the current epoch is 18, the validation dice is 0.9381547850208034
2024-05-01 23:12:53.253774 Epoch [019/080], Step [0020/0125],  lateral-5: 0.1515]
2024-05-01 23:13:09.333652 Epoch [019/080], Step [0040/0125],  lateral-5: 0.1551]
2024-05-01 23:13:25.449988 Epoch [019/080], Step [0060/0125],  lateral-5: 0.1572]
2024-05-01 23:13:41.573458 Epoch [019/080], Step [0080/0125],  lateral-5: 0.1500]
2024-05-01 23:13:57.701820 Epoch [019/080], Step [0100/0125],  lateral-5: 0.1450]
2024-05-01 23:14:13.821537 Epoch [019/080], Step [0120/0125],  lateral-5: 0.1486]
2024-05-01 23:14:17.530545 Epoch [019/080], Step [0125/0125],  lateral-5: 0.1473]
the number of test images is  1442
the current epoch is 19, the validation dice is 0.8975602635228844
2024-05-01 23:18:22.111139 Epoch [020/080], Step [0020/0125],  lateral-5: 0.1546]
2024-05-01 23:18:38.205661 Epoch [020/080], Step [0040/0125],  lateral-5: 0.1509]
2024-05-01 23:18:54.319471 Epoch [020/080], Step [0060/0125],  lateral-5: 0.1474]
2024-05-01 23:19:10.441651 Epoch [020/080], Step [0080/0125],  lateral-5: 0.1455]
2024-05-01 23:19:26.594340 Epoch [020/080], Step [0100/0125],  lateral-5: 0.1449]
2024-05-01 23:19:42.744291 Epoch [020/080], Step [0120/0125],  lateral-5: 0.1463]
2024-05-01 23:19:46.460991 Epoch [020/080], Step [0125/0125],  lateral-5: 0.1498]
the number of test images is  1442
the current epoch is 20, the validation dice is 0.9337303051317599
2024-05-01 23:23:34.357693 Epoch [021/080], Step [0020/0125],  lateral-5: 0.1474]
2024-05-01 23:23:50.631566 Epoch [021/080], Step [0040/0125],  lateral-5: 0.1466]
2024-05-01 23:24:06.734236 Epoch [021/080], Step [0060/0125],  lateral-5: 0.1450]
2024-05-01 23:24:22.853565 Epoch [021/080], Step [0080/0125],  lateral-5: 0.1462]
2024-05-01 23:24:38.973535 Epoch [021/080], Step [0100/0125],  lateral-5: 0.1451]
2024-05-01 23:24:55.090997 Epoch [021/080], Step [0120/0125],  lateral-5: 0.1456]
2024-05-01 23:24:58.803709 Epoch [021/080], Step [0125/0125],  lateral-5: 0.1447]
the number of test images is  1442
the current epoch is 21, the validation dice is 0.9380723300970873
2024-05-01 23:28:47.452320 Epoch [022/080], Step [0020/0125],  lateral-5: 0.1407]
2024-05-01 23:29:03.518813 Epoch [022/080], Step [0040/0125],  lateral-5: 0.1437]
2024-05-01 23:29:19.634671 Epoch [022/080], Step [0060/0125],  lateral-5: 0.1479]
2024-05-01 23:29:35.759781 Epoch [022/080], Step [0080/0125],  lateral-5: 0.1471]
2024-05-01 23:29:51.890047 Epoch [022/080], Step [0100/0125],  lateral-5: 0.1448]
2024-05-01 23:30:08.016830 Epoch [022/080], Step [0120/0125],  lateral-5: 0.1451]
2024-05-01 23:30:11.737997 Epoch [022/080], Step [0125/0125],  lateral-5: 0.1435]
the number of test images is  1442
the current epoch is 22, the validation dice is 0.9298954230235773
2024-05-01 23:33:55.942677 Epoch [023/080], Step [0020/0125],  lateral-5: 0.1418]
2024-05-01 23:34:11.988976 Epoch [023/080], Step [0040/0125],  lateral-5: 0.1392]
2024-05-01 23:34:28.072768 Epoch [023/080], Step [0060/0125],  lateral-5: 0.1417]
2024-05-01 23:34:44.173901 Epoch [023/080], Step [0080/0125],  lateral-5: 0.1425]
2024-05-01 23:35:00.280967 Epoch [023/080], Step [0100/0125],  lateral-5: 0.1396]
2024-05-01 23:35:16.395779 Epoch [023/080], Step [0120/0125],  lateral-5: 0.1438]
2024-05-01 23:35:20.111905 Epoch [023/080], Step [0125/0125],  lateral-5: 0.1459]
the number of test images is  1442
the current epoch is 23, the validation dice is 0.9218808599167818
2024-05-01 23:38:42.238973 Epoch [024/080], Step [0020/0125],  lateral-5: 0.1406]
2024-05-01 23:38:58.329814 Epoch [024/080], Step [0040/0125],  lateral-5: 0.1407]
2024-05-01 23:39:14.456961 Epoch [024/080], Step [0060/0125],  lateral-5: 0.1421]
2024-05-01 23:39:30.607901 Epoch [024/080], Step [0080/0125],  lateral-5: 0.1438]
2024-05-01 23:39:46.750200 Epoch [024/080], Step [0100/0125],  lateral-5: 0.1455]
2024-05-01 23:40:02.894739 Epoch [024/080], Step [0120/0125],  lateral-5: 0.1459]
2024-05-01 23:40:06.616266 Epoch [024/080], Step [0125/0125],  lateral-5: 0.1441]
the number of test images is  1442
the current epoch is 24, the validation dice is 0.9372285714285725
2024-05-01 23:43:22.915461 Epoch [025/080], Step [0020/0125],  lateral-5: 0.1402]
2024-05-01 23:43:39.004411 Epoch [025/080], Step [0040/0125],  lateral-5: 0.1421]
2024-05-01 23:43:55.115170 Epoch [025/080], Step [0060/0125],  lateral-5: 0.1441]
2024-05-01 23:44:11.244908 Epoch [025/080], Step [0080/0125],  lateral-5: 0.1419]
2024-05-01 23:44:27.394813 Epoch [025/080], Step [0100/0125],  lateral-5: 0.1403]
2024-05-01 23:44:43.549359 Epoch [025/080], Step [0120/0125],  lateral-5: 0.1398]
2024-05-01 23:44:47.268825 Epoch [025/080], Step [0125/0125],  lateral-5: 0.1425]
the number of test images is  1442
the current epoch is 25, the validation dice is 0.932579403606103
2024-05-01 23:47:36.448725 Epoch [026/080], Step [0020/0125],  lateral-5: 0.1453]
2024-05-01 23:47:52.538007 Epoch [026/080], Step [0040/0125],  lateral-5: 0.1435]
2024-05-01 23:48:08.622754 Epoch [026/080], Step [0060/0125],  lateral-5: 0.1439]
2024-05-01 23:48:24.754391 Epoch [026/080], Step [0080/0125],  lateral-5: 0.1389]
2024-05-01 23:48:41.012540 Epoch [026/080], Step [0100/0125],  lateral-5: 0.1350]
2024-05-01 23:48:57.156955 Epoch [026/080], Step [0120/0125],  lateral-5: 0.1388]
2024-05-01 23:49:00.877455 Epoch [026/080], Step [0125/0125],  lateral-5: 0.1412]
the number of test images is  1442
the current epoch is 26, the validation dice is 0.9263188626907076
2024-05-01 23:52:18.600047 Epoch [027/080], Step [0020/0125],  lateral-5: 0.1367]
2024-05-01 23:52:34.727507 Epoch [027/080], Step [0040/0125],  lateral-5: 0.1390]
2024-05-01 23:52:50.825278 Epoch [027/080], Step [0060/0125],  lateral-5: 0.1382]
2024-05-01 23:53:06.971029 Epoch [027/080], Step [0080/0125],  lateral-5: 0.1387]
2024-05-01 23:53:23.130359 Epoch [027/080], Step [0100/0125],  lateral-5: 0.1401]
2024-05-01 23:53:39.298525 Epoch [027/080], Step [0120/0125],  lateral-5: 0.1392]
2024-05-01 23:53:43.020153 Epoch [027/080], Step [0125/0125],  lateral-5: 0.1402]
the number of test images is  1442
the current epoch is 27, the validation dice is 0.9208065187239939
2024-05-01 23:56:53.505317 Epoch [028/080], Step [0020/0125],  lateral-5: 0.1402]
2024-05-01 23:57:09.609059 Epoch [028/080], Step [0040/0125],  lateral-5: 0.1423]
2024-05-01 23:57:25.710197 Epoch [028/080], Step [0060/0125],  lateral-5: 0.1463]
2024-05-01 23:57:41.865060 Epoch [028/080], Step [0080/0125],  lateral-5: 0.1440]
2024-05-01 23:57:58.018507 Epoch [028/080], Step [0100/0125],  lateral-5: 0.1416]
2024-05-01 23:58:14.176692 Epoch [028/080], Step [0120/0125],  lateral-5: 0.1422]
2024-05-01 23:58:17.896259 Epoch [028/080], Step [0125/0125],  lateral-5: 0.1447]
the number of test images is  1442
the current epoch is 28, the validation dice is 0.9078161581137311
2024-05-02 00:01:49.294357 Epoch [029/080], Step [0020/0125],  lateral-5: 0.1365]
2024-05-02 00:02:05.362363 Epoch [029/080], Step [0040/0125],  lateral-5: 0.1367]
2024-05-02 00:02:21.636520 Epoch [029/080], Step [0060/0125],  lateral-5: 0.1384]
2024-05-02 00:02:37.806911 Epoch [029/080], Step [0080/0125],  lateral-5: 0.1384]
2024-05-02 00:02:53.967606 Epoch [029/080], Step [0100/0125],  lateral-5: 0.1369]
2024-05-02 00:03:10.141218 Epoch [029/080], Step [0120/0125],  lateral-5: 0.1365]
2024-05-02 00:03:13.871324 Epoch [029/080], Step [0125/0125],  lateral-5: 0.1371]
the number of test images is  1442
the current epoch is 29, the validation dice is 0.914653051317616
2024-05-02 00:07:03.432668 Epoch [030/080], Step [0020/0125],  lateral-5: 0.1373]
2024-05-02 00:07:19.500916 Epoch [030/080], Step [0040/0125],  lateral-5: 0.1383]
2024-05-02 00:07:35.621613 Epoch [030/080], Step [0060/0125],  lateral-5: 0.1350]
2024-05-02 00:07:51.754877 Epoch [030/080], Step [0080/0125],  lateral-5: 0.1323]
2024-05-02 00:08:07.888873 Epoch [030/080], Step [0100/0125],  lateral-5: 0.1344]
2024-05-02 00:08:24.020071 Epoch [030/080], Step [0120/0125],  lateral-5: 0.1347]
2024-05-02 00:08:27.737173 Epoch [030/080], Step [0125/0125],  lateral-5: 0.1346]
the number of test images is  1442
the current epoch is 30, the validation dice is 0.9359804438280168
2024-05-02 00:11:47.155458 Epoch [031/080], Step [0020/0125],  lateral-5: 0.1439]
2024-05-02 00:12:03.232322 Epoch [031/080], Step [0040/0125],  lateral-5: 0.1419]
2024-05-02 00:12:19.344225 Epoch [031/080], Step [0060/0125],  lateral-5: 0.1358]
2024-05-02 00:12:35.474731 Epoch [031/080], Step [0080/0125],  lateral-5: 0.1320]
2024-05-02 00:12:51.607733 Epoch [031/080], Step [0100/0125],  lateral-5: 0.1337]
2024-05-02 00:13:07.739357 Epoch [031/080], Step [0120/0125],  lateral-5: 0.1361]
2024-05-02 00:13:11.457224 Epoch [031/080], Step [0125/0125],  lateral-5: 0.1348]
the number of test images is  1442
the current epoch is 31, the validation dice is 0.913603744798891
2024-05-02 00:16:36.270002 Epoch [032/080], Step [0020/0125],  lateral-5: 0.1376]
2024-05-02 00:16:52.370741 Epoch [032/080], Step [0040/0125],  lateral-5: 0.1363]
2024-05-02 00:17:08.531116 Epoch [032/080], Step [0060/0125],  lateral-5: 0.1355]
2024-05-02 00:17:24.678610 Epoch [032/080], Step [0080/0125],  lateral-5: 0.1347]
2024-05-02 00:17:40.808969 Epoch [032/080], Step [0100/0125],  lateral-5: 0.1362]
2024-05-02 00:17:56.948193 Epoch [032/080], Step [0120/0125],  lateral-5: 0.1365]
2024-05-02 00:18:00.664514 Epoch [032/080], Step [0125/0125],  lateral-5: 0.1368]
the number of test images is  1442
the current epoch is 32, the validation dice is 0.9020208737864067
2024-05-02 00:21:39.955853 Epoch [033/080], Step [0020/0125],  lateral-5: 0.1358]
2024-05-02 00:21:56.024794 Epoch [033/080], Step [0040/0125],  lateral-5: 0.1344]
2024-05-02 00:22:12.155400 Epoch [033/080], Step [0060/0125],  lateral-5: 0.1310]
2024-05-02 00:22:28.297475 Epoch [033/080], Step [0080/0125],  lateral-5: 0.1326]
2024-05-02 00:22:44.414694 Epoch [033/080], Step [0100/0125],  lateral-5: 0.1359]
2024-05-02 00:23:00.539099 Epoch [033/080], Step [0120/0125],  lateral-5: 0.1356]
2024-05-02 00:23:04.257416 Epoch [033/080], Step [0125/0125],  lateral-5: 0.1374]
the number of test images is  1442
the current epoch is 33, the validation dice is 0.8976819694868243
2024-05-02 00:26:10.757975 Epoch [034/080], Step [0020/0125],  lateral-5: 0.1276]
2024-05-02 00:26:26.787232 Epoch [034/080], Step [0040/0125],  lateral-5: 0.1314]
2024-05-02 00:26:42.865477 Epoch [034/080], Step [0060/0125],  lateral-5: 0.1325]
2024-05-02 00:26:58.967620 Epoch [034/080], Step [0080/0125],  lateral-5: 0.1313]
2024-05-02 00:27:15.085267 Epoch [034/080], Step [0100/0125],  lateral-5: 0.1338]
2024-05-02 00:27:31.331867 Epoch [034/080], Step [0120/0125],  lateral-5: 0.1346]
2024-05-02 00:27:35.045665 Epoch [034/080], Step [0125/0125],  lateral-5: 0.1356]
the number of test images is  1442
the current epoch is 34, the validation dice is 0.9285628294036068
2024-05-02 00:30:33.154796 Epoch [035/080], Step [0020/0125],  lateral-5: 0.1326]
2024-05-02 00:30:49.205107 Epoch [035/080], Step [0040/0125],  lateral-5: 0.1319]
2024-05-02 00:31:05.322390 Epoch [035/080], Step [0060/0125],  lateral-5: 0.1313]
2024-05-02 00:31:21.457968 Epoch [035/080], Step [0080/0125],  lateral-5: 0.1326]
2024-05-02 00:31:37.593604 Epoch [035/080], Step [0100/0125],  lateral-5: 0.1310]
2024-05-02 00:31:53.717217 Epoch [035/080], Step [0120/0125],  lateral-5: 0.1277]
2024-05-02 00:31:57.429176 Epoch [035/080], Step [0125/0125],  lateral-5: 0.1308]
the number of test images is  1442
the current epoch is 35, the validation dice is 0.9176383495145624
2024-05-02 00:34:44.037839 Epoch [036/080], Step [0020/0125],  lateral-5: 0.1300]
2024-05-02 00:35:00.073350 Epoch [036/080], Step [0040/0125],  lateral-5: 0.1294]
2024-05-02 00:35:16.158387 Epoch [036/080], Step [0060/0125],  lateral-5: 0.1347]
2024-05-02 00:35:32.265863 Epoch [036/080], Step [0080/0125],  lateral-5: 0.1359]
2024-05-02 00:35:48.401387 Epoch [036/080], Step [0100/0125],  lateral-5: 0.1324]
2024-05-02 00:36:04.525867 Epoch [036/080], Step [0120/0125],  lateral-5: 0.1317]
2024-05-02 00:36:08.237413 Epoch [036/080], Step [0125/0125],  lateral-5: 0.1313]
the number of test images is  1442
the current epoch is 36, the validation dice is 0.9214257975034658
2024-05-02 00:39:24.424279 Epoch [037/080], Step [0020/0125],  lateral-5: 0.1243]
2024-05-02 00:39:40.487971 Epoch [037/080], Step [0040/0125],  lateral-5: 0.1249]
2024-05-02 00:39:56.555537 Epoch [037/080], Step [0060/0125],  lateral-5: 0.1280]
2024-05-02 00:40:12.778338 Epoch [037/080], Step [0080/0125],  lateral-5: 0.1299]
2024-05-02 00:40:28.884905 Epoch [037/080], Step [0100/0125],  lateral-5: 0.1305]
2024-05-02 00:40:44.991568 Epoch [037/080], Step [0120/0125],  lateral-5: 0.1307]
2024-05-02 00:40:48.701172 Epoch [037/080], Step [0125/0125],  lateral-5: 0.1307]
the number of test images is  1442
the current epoch is 37, the validation dice is 0.9080074202496555
2024-05-02 00:43:36.861951 Epoch [038/080], Step [0020/0125],  lateral-5: 0.1246]
2024-05-02 00:43:52.958393 Epoch [038/080], Step [0040/0125],  lateral-5: 0.1261]
2024-05-02 00:44:09.055830 Epoch [038/080], Step [0060/0125],  lateral-5: 0.1299]
2024-05-02 00:44:25.188912 Epoch [038/080], Step [0080/0125],  lateral-5: 0.1283]
2024-05-02 00:44:41.330369 Epoch [038/080], Step [0100/0125],  lateral-5: 0.1278]
2024-05-02 00:44:57.468668 Epoch [038/080], Step [0120/0125],  lateral-5: 0.1323]
2024-05-02 00:45:01.180994 Epoch [038/080], Step [0125/0125],  lateral-5: 0.1318]
the number of test images is  1442
the current epoch is 38, the validation dice is 0.9178602635228841
2024-05-02 00:48:12.839053 Epoch [039/080], Step [0020/0125],  lateral-5: 0.1239]
2024-05-02 00:48:28.953694 Epoch [039/080], Step [0040/0125],  lateral-5: 0.1273]
2024-05-02 00:48:45.061090 Epoch [039/080], Step [0060/0125],  lateral-5: 0.1329]
2024-05-02 00:49:01.176629 Epoch [039/080], Step [0080/0125],  lateral-5: 0.1322]
2024-05-02 00:49:17.317505 Epoch [039/080], Step [0100/0125],  lateral-5: 0.1265]
2024-05-02 00:49:33.465244 Epoch [039/080], Step [0120/0125],  lateral-5: 0.1303]
2024-05-02 00:49:37.185342 Epoch [039/080], Step [0125/0125],  lateral-5: 0.1301]
the number of test images is  1442
the current epoch is 39, the validation dice is 0.9333179611650473
2024-05-02 00:52:45.071360 Epoch [040/080], Step [0020/0125],  lateral-5: 0.1330]
2024-05-02 00:53:01.332080 Epoch [040/080], Step [0040/0125],  lateral-5: 0.1290]
2024-05-02 00:53:17.445035 Epoch [040/080], Step [0060/0125],  lateral-5: 0.1285]
2024-05-02 00:53:33.581643 Epoch [040/080], Step [0080/0125],  lateral-5: 0.1304]
2024-05-02 00:53:49.726160 Epoch [040/080], Step [0100/0125],  lateral-5: 0.1288]
2024-05-02 00:54:05.850413 Epoch [040/080], Step [0120/0125],  lateral-5: 0.1278]
2024-05-02 00:54:09.557791 Epoch [040/080], Step [0125/0125],  lateral-5: 0.1293]
the number of test images is  1442
the current epoch is 40, the validation dice is 0.9193262135922341
2024-05-02 00:57:01.084885 Epoch [041/080], Step [0020/0125],  lateral-5: 0.1281]
2024-05-02 00:57:17.150649 Epoch [041/080], Step [0040/0125],  lateral-5: 0.1273]
2024-05-02 00:57:33.256242 Epoch [041/080], Step [0060/0125],  lateral-5: 0.1245]
2024-05-02 00:57:49.368920 Epoch [041/080], Step [0080/0125],  lateral-5: 0.1242]
2024-05-02 00:58:05.484458 Epoch [041/080], Step [0100/0125],  lateral-5: 0.1277]
2024-05-02 00:58:21.602715 Epoch [041/080], Step [0120/0125],  lateral-5: 0.1284]
2024-05-02 00:58:25.312330 Epoch [041/080], Step [0125/0125],  lateral-5: 0.1271]
the number of test images is  1442
the current epoch is 41, the validation dice is 0.9294461165048548
2024-05-02 01:01:02.206461 Epoch [042/080], Step [0020/0125],  lateral-5: 0.1239]
2024-05-02 01:01:18.274676 Epoch [042/080], Step [0040/0125],  lateral-5: 0.1234]
2024-05-02 01:01:34.392322 Epoch [042/080], Step [0060/0125],  lateral-5: 0.1241]
2024-05-02 01:01:50.523019 Epoch [042/080], Step [0080/0125],  lateral-5: 0.1281]
2024-05-02 01:02:06.656262 Epoch [042/080], Step [0100/0125],  lateral-5: 0.1277]
2024-05-02 01:02:22.802290 Epoch [042/080], Step [0120/0125],  lateral-5: 0.1294]
2024-05-02 01:02:26.521097 Epoch [042/080], Step [0125/0125],  lateral-5: 0.1291]
the number of test images is  1442
the current epoch is 42, the validation dice is 0.9104602635228848
2024-05-02 01:05:42.728060 Epoch [043/080], Step [0020/0125],  lateral-5: 0.1244]
2024-05-02 01:05:58.779612 Epoch [043/080], Step [0040/0125],  lateral-5: 0.1238]
2024-05-02 01:06:14.917765 Epoch [043/080], Step [0060/0125],  lateral-5: 0.1246]
2024-05-02 01:06:31.038986 Epoch [043/080], Step [0080/0125],  lateral-5: 0.1245]
2024-05-02 01:06:47.149946 Epoch [043/080], Step [0100/0125],  lateral-5: 0.1265]
2024-05-02 01:07:03.270029 Epoch [043/080], Step [0120/0125],  lateral-5: 0.1295]
2024-05-02 01:07:06.977657 Epoch [043/080], Step [0125/0125],  lateral-5: 0.1291]
the number of test images is  1442
the current epoch is 43, the validation dice is 0.9103235783633848
2024-05-02 01:10:18.881745 Epoch [044/080], Step [0020/0125],  lateral-5: 0.1228]
2024-05-02 01:10:34.947561 Epoch [044/080], Step [0040/0125],  lateral-5: 0.1208]
2024-05-02 01:10:51.060058 Epoch [044/080], Step [0060/0125],  lateral-5: 0.1223]
2024-05-02 01:11:07.181916 Epoch [044/080], Step [0080/0125],  lateral-5: 0.1277]
2024-05-02 01:11:23.323797 Epoch [044/080], Step [0100/0125],  lateral-5: 0.1256]
2024-05-02 01:11:39.468258 Epoch [044/080], Step [0120/0125],  lateral-5: 0.1234]
2024-05-02 01:11:43.183080 Epoch [044/080], Step [0125/0125],  lateral-5: 0.1252]
the number of test images is  1442
the current epoch is 44, the validation dice is 0.9071219833564482
2024-05-02 01:14:54.305628 Epoch [045/080], Step [0020/0125],  lateral-5: 0.1197]
2024-05-02 01:15:10.361283 Epoch [045/080], Step [0040/0125],  lateral-5: 0.1228]
2024-05-02 01:15:26.466391 Epoch [045/080], Step [0060/0125],  lateral-5: 0.1257]
2024-05-02 01:15:42.578107 Epoch [045/080], Step [0080/0125],  lateral-5: 0.1244]
2024-05-02 01:15:58.800756 Epoch [045/080], Step [0100/0125],  lateral-5: 0.1239]
2024-05-02 01:16:14.911717 Epoch [045/080], Step [0120/0125],  lateral-5: 0.1243]
2024-05-02 01:16:18.625930 Epoch [045/080], Step [0125/0125],  lateral-5: 0.1226]
the number of test images is  1442
the current epoch is 45, the validation dice is 0.9080828710124825
2024-05-02 01:19:22.345650 Epoch [046/080], Step [0020/0125],  lateral-5: 0.1248]
2024-05-02 01:19:38.401267 Epoch [046/080], Step [0040/0125],  lateral-5: 0.1223]
2024-05-02 01:19:54.518836 Epoch [046/080], Step [0060/0125],  lateral-5: 0.1231]
2024-05-02 01:20:10.633145 Epoch [046/080], Step [0080/0125],  lateral-5: 0.1234]
2024-05-02 01:20:26.755617 Epoch [046/080], Step [0100/0125],  lateral-5: 0.1216]
2024-05-02 01:20:42.884847 Epoch [046/080], Step [0120/0125],  lateral-5: 0.1237]
2024-05-02 01:20:46.600313 Epoch [046/080], Step [0125/0125],  lateral-5: 0.1221]
the number of test images is  1442
the current epoch is 46, the validation dice is 0.9191166435506241
2024-05-02 01:23:59.401041 Epoch [047/080], Step [0020/0125],  lateral-5: 0.1193]
2024-05-02 01:24:15.513407 Epoch [047/080], Step [0040/0125],  lateral-5: 0.1255]
2024-05-02 01:24:31.652101 Epoch [047/080], Step [0060/0125],  lateral-5: 0.1273]
2024-05-02 01:24:47.825937 Epoch [047/080], Step [0080/0125],  lateral-5: 0.1236]
2024-05-02 01:25:03.993199 Epoch [047/080], Step [0100/0125],  lateral-5: 0.1214]
2024-05-02 01:25:20.133324 Epoch [047/080], Step [0120/0125],  lateral-5: 0.1226]
2024-05-02 01:25:23.860644 Epoch [047/080], Step [0125/0125],  lateral-5: 0.1229]
the number of test images is  1442
the current epoch is 47, the validation dice is 0.9028865464632446
2024-05-02 01:28:46.603937 Epoch [048/080], Step [0020/0125],  lateral-5: 0.1213]
2024-05-02 01:29:02.665956 Epoch [048/080], Step [0040/0125],  lateral-5: 0.1215]
2024-05-02 01:29:18.971539 Epoch [048/080], Step [0060/0125],  lateral-5: 0.1219]
2024-05-02 01:29:35.125327 Epoch [048/080], Step [0080/0125],  lateral-5: 0.1175]
2024-05-02 01:29:51.274153 Epoch [048/080], Step [0100/0125],  lateral-5: 0.1158]
2024-05-02 01:30:07.414483 Epoch [048/080], Step [0120/0125],  lateral-5: 0.1236]
2024-05-02 01:30:11.133382 Epoch [048/080], Step [0125/0125],  lateral-5: 0.1239]
the number of test images is  1442
the current epoch is 48, the validation dice is 0.9072348127600557
2024-05-02 01:32:56.324083 Epoch [049/080], Step [0020/0125],  lateral-5: 0.1204]
2024-05-02 01:33:12.365653 Epoch [049/080], Step [0040/0125],  lateral-5: 0.1199]
2024-05-02 01:33:28.450988 Epoch [049/080], Step [0060/0125],  lateral-5: 0.1224]
2024-05-02 01:33:44.571918 Epoch [049/080], Step [0080/0125],  lateral-5: 0.1231]
2024-05-02 01:34:00.680649 Epoch [049/080], Step [0100/0125],  lateral-5: 0.1214]
2024-05-02 01:34:16.805186 Epoch [049/080], Step [0120/0125],  lateral-5: 0.1221]
2024-05-02 01:34:20.516628 Epoch [049/080], Step [0125/0125],  lateral-5: 0.1229]
the number of test images is  1442
the current epoch is 49, the validation dice is 0.9132676837725382
2024-05-02 01:37:29.943626 Epoch [050/080], Step [0020/0125],  lateral-5: 0.1232]
2024-05-02 01:37:46.004590 Epoch [050/080], Step [0040/0125],  lateral-5: 0.1202]
2024-05-02 01:38:02.128805 Epoch [050/080], Step [0060/0125],  lateral-5: 0.1173]
2024-05-02 01:38:18.261406 Epoch [050/080], Step [0080/0125],  lateral-5: 0.1169]
2024-05-02 01:38:34.413879 Epoch [050/080], Step [0100/0125],  lateral-5: 0.1152]
2024-05-02 01:38:50.554658 Epoch [050/080], Step [0120/0125],  lateral-5: 0.1160]
2024-05-02 01:38:54.261714 Epoch [050/080], Step [0125/0125],  lateral-5: 0.1194]
the number of test images is  1442
the current epoch is 50, the validation dice is 0.9070843273231607
2024-05-02 01:42:17.866078 Epoch [051/080], Step [0020/0125],  lateral-5: 0.1197]
2024-05-02 01:42:34.183272 Epoch [051/080], Step [0040/0125],  lateral-5: 0.1160]
2024-05-02 01:42:50.289289 Epoch [051/080], Step [0060/0125],  lateral-5: 0.1122]
2024-05-02 01:43:06.438724 Epoch [051/080], Step [0080/0125],  lateral-5: 0.1128]
2024-05-02 01:43:22.595390 Epoch [051/080], Step [0100/0125],  lateral-5: 0.1128]
2024-05-02 01:43:38.747443 Epoch [051/080], Step [0120/0125],  lateral-5: 0.1132]
2024-05-02 01:43:42.476320 Epoch [051/080], Step [0125/0125],  lateral-5: 0.1126]
the number of test images is  1442
the current epoch is 51, the validation dice is 0.9044573509015251
2024-05-02 01:46:31.355457 Epoch [052/080], Step [0020/0125],  lateral-5: 0.1126]
2024-05-02 01:46:47.467068 Epoch [052/080], Step [0040/0125],  lateral-5: 0.1135]
2024-05-02 01:47:03.582440 Epoch [052/080], Step [0060/0125],  lateral-5: 0.1145]
2024-05-02 01:47:19.712039 Epoch [052/080], Step [0080/0125],  lateral-5: 0.1144]
2024-05-02 01:47:35.878952 Epoch [052/080], Step [0100/0125],  lateral-5: 0.1142]
2024-05-02 01:47:52.049939 Epoch [052/080], Step [0120/0125],  lateral-5: 0.1154]
2024-05-02 01:47:55.769693 Epoch [052/080], Step [0125/0125],  lateral-5: 0.1145]
the number of test images is  1442
the current epoch is 52, the validation dice is 0.9121789181692102
2024-05-02 01:50:58.408642 Epoch [053/080], Step [0020/0125],  lateral-5: 0.1165]
2024-05-02 01:51:14.545202 Epoch [053/080], Step [0040/0125],  lateral-5: 0.1176]
2024-05-02 01:51:30.675461 Epoch [053/080], Step [0060/0125],  lateral-5: 0.1156]
2024-05-02 01:51:46.826109 Epoch [053/080], Step [0080/0125],  lateral-5: 0.1124]
2024-05-02 01:52:02.937577 Epoch [053/080], Step [0100/0125],  lateral-5: 0.1151]
2024-05-02 01:52:19.187363 Epoch [053/080], Step [0120/0125],  lateral-5: 0.1151]
2024-05-02 01:52:22.898017 Epoch [053/080], Step [0125/0125],  lateral-5: 0.1131]
the number of test images is  1442
the current epoch is 53, the validation dice is 0.913311234396671
2024-05-02 01:55:32.236453 Epoch [054/080], Step [0020/0125],  lateral-5: 0.1174]
2024-05-02 01:55:48.311569 Epoch [054/080], Step [0040/0125],  lateral-5: 0.1160]
2024-05-02 01:56:04.463596 Epoch [054/080], Step [0060/0125],  lateral-5: 0.1142]
2024-05-02 01:56:20.606664 Epoch [054/080], Step [0080/0125],  lateral-5: 0.1142]
2024-05-02 01:56:36.765188 Epoch [054/080], Step [0100/0125],  lateral-5: 0.1131]
2024-05-02 01:56:52.903748 Epoch [054/080], Step [0120/0125],  lateral-5: 0.1129]
2024-05-02 01:56:56.619427 Epoch [054/080], Step [0125/0125],  lateral-5: 0.1111]
the number of test images is  1442
the current epoch is 54, the validation dice is 0.9095363384188627
2024-05-02 01:59:56.917994 Epoch [055/080], Step [0020/0125],  lateral-5: 0.1128]
2024-05-02 02:00:12.979847 Epoch [055/080], Step [0040/0125],  lateral-5: 0.1135]
2024-05-02 02:00:29.084014 Epoch [055/080], Step [0060/0125],  lateral-5: 0.1126]
2024-05-02 02:00:45.212001 Epoch [055/080], Step [0080/0125],  lateral-5: 0.1129]
2024-05-02 02:01:01.336231 Epoch [055/080], Step [0100/0125],  lateral-5: 0.1152]
2024-05-02 02:01:17.461995 Epoch [055/080], Step [0120/0125],  lateral-5: 0.1177]
2024-05-02 02:01:21.177830 Epoch [055/080], Step [0125/0125],  lateral-5: 0.1177]
the number of test images is  1442
the current epoch is 55, the validation dice is 0.9089892510402222
2024-05-02 02:04:23.470291 Epoch [056/080], Step [0020/0125],  lateral-5: 0.1147]
2024-05-02 02:04:39.591271 Epoch [056/080], Step [0040/0125],  lateral-5: 0.1164]
2024-05-02 02:04:55.725931 Epoch [056/080], Step [0060/0125],  lateral-5: 0.1174]
2024-05-02 02:05:12.049455 Epoch [056/080], Step [0080/0125],  lateral-5: 0.1157]
2024-05-02 02:05:28.243152 Epoch [056/080], Step [0100/0125],  lateral-5: 0.1115]
2024-05-02 02:05:44.425202 Epoch [056/080], Step [0120/0125],  lateral-5: 0.1101]
2024-05-02 02:05:48.160613 Epoch [056/080], Step [0125/0125],  lateral-5: 0.1111]
the number of test images is  1442
the current epoch is 56, the validation dice is 0.9096357142857129
2024-05-02 02:08:56.371894 Epoch [057/080], Step [0020/0125],  lateral-5: 0.1165]
2024-05-02 02:09:12.460064 Epoch [057/080], Step [0040/0125],  lateral-5: 0.1168]
2024-05-02 02:09:28.586401 Epoch [057/080], Step [0060/0125],  lateral-5: 0.1128]
2024-05-02 02:09:44.739352 Epoch [057/080], Step [0080/0125],  lateral-5: 0.1083]
2024-05-02 02:10:00.888431 Epoch [057/080], Step [0100/0125],  lateral-5: 0.1064]
2024-05-02 02:10:17.044191 Epoch [057/080], Step [0120/0125],  lateral-5: 0.1092]
2024-05-02 02:10:20.762060 Epoch [057/080], Step [0125/0125],  lateral-5: 0.1101]
the number of test images is  1442
the current epoch is 57, the validation dice is 0.9077635228848825
2024-05-02 02:13:23.636791 Epoch [058/080], Step [0020/0125],  lateral-5: 0.1148]
2024-05-02 02:13:39.701582 Epoch [058/080], Step [0040/0125],  lateral-5: 0.1143]
2024-05-02 02:13:55.799025 Epoch [058/080], Step [0060/0125],  lateral-5: 0.1128]
2024-05-02 02:14:11.899543 Epoch [058/080], Step [0080/0125],  lateral-5: 0.1132]
2024-05-02 02:14:28.014702 Epoch [058/080], Step [0100/0125],  lateral-5: 0.1170]
2024-05-02 02:14:44.137852 Epoch [058/080], Step [0120/0125],  lateral-5: 0.1164]
2024-05-02 02:14:47.848428 Epoch [058/080], Step [0125/0125],  lateral-5: 0.1164]
the number of test images is  1442
the current epoch is 58, the validation dice is 0.9082908460471583
2024-05-02 02:18:09.447939 Epoch [059/080], Step [0020/0125],  lateral-5: 0.1167]
2024-05-02 02:18:25.507610 Epoch [059/080], Step [0040/0125],  lateral-5: 0.1140]
2024-05-02 02:18:41.772424 Epoch [059/080], Step [0060/0125],  lateral-5: 0.1129]
2024-05-02 02:18:57.873689 Epoch [059/080], Step [0080/0125],  lateral-5: 0.1127]
2024-05-02 02:19:14.004898 Epoch [059/080], Step [0100/0125],  lateral-5: 0.1116]
2024-05-02 02:19:30.150553 Epoch [059/080], Step [0120/0125],  lateral-5: 0.1124]
2024-05-02 02:19:33.861752 Epoch [059/080], Step [0125/0125],  lateral-5: 0.1137]
the number of test images is  1442
the current epoch is 59, the validation dice is 0.9132131067961156
2024-05-02 02:22:36.022100 Epoch [060/080], Step [0020/0125],  lateral-5: 0.1167]
2024-05-02 02:22:52.120309 Epoch [060/080], Step [0040/0125],  lateral-5: 0.1129]
2024-05-02 02:23:08.222853 Epoch [060/080], Step [0060/0125],  lateral-5: 0.1131]
2024-05-02 02:23:24.357510 Epoch [060/080], Step [0080/0125],  lateral-5: 0.1150]
2024-05-02 02:23:40.497712 Epoch [060/080], Step [0100/0125],  lateral-5: 0.1148]
2024-05-02 02:23:56.641016 Epoch [060/080], Step [0120/0125],  lateral-5: 0.1159]
2024-05-02 02:24:00.358384 Epoch [060/080], Step [0125/0125],  lateral-5: 0.1163]
the number of test images is  1442
the current epoch is 60, the validation dice is 0.9096280859916781
2024-05-02 02:27:14.625832 Epoch [061/080], Step [0020/0125],  lateral-5: 0.1102]
2024-05-02 02:27:30.719251 Epoch [061/080], Step [0040/0125],  lateral-5: 0.1128]
2024-05-02 02:27:46.823014 Epoch [061/080], Step [0060/0125],  lateral-5: 0.1164]
2024-05-02 02:28:02.969964 Epoch [061/080], Step [0080/0125],  lateral-5: 0.1130]
2024-05-02 02:28:19.107983 Epoch [061/080], Step [0100/0125],  lateral-5: 0.1121]
2024-05-02 02:28:35.241439 Epoch [061/080], Step [0120/0125],  lateral-5: 0.1149]
2024-05-02 02:28:38.954206 Epoch [061/080], Step [0125/0125],  lateral-5: 0.1154]
the number of test images is  1442
the current epoch is 61, the validation dice is 0.9127459778085988
2024-05-02 02:31:48.827110 Epoch [062/080], Step [0020/0125],  lateral-5: 0.1152]
2024-05-02 02:32:04.906151 Epoch [062/080], Step [0040/0125],  lateral-5: 0.1155]
2024-05-02 02:32:21.008874 Epoch [062/080], Step [0060/0125],  lateral-5: 0.1134]
2024-05-02 02:32:37.119216 Epoch [062/080], Step [0080/0125],  lateral-5: 0.1111]
2024-05-02 02:32:53.238371 Epoch [062/080], Step [0100/0125],  lateral-5: 0.1098]
2024-05-02 02:33:09.358692 Epoch [062/080], Step [0120/0125],  lateral-5: 0.1095]
2024-05-02 02:33:13.069022 Epoch [062/080], Step [0125/0125],  lateral-5: 0.1103]
the number of test images is  1442
the current epoch is 62, the validation dice is 0.9054538141470172
2024-05-02 02:36:13.585732 Epoch [063/080], Step [0020/0125],  lateral-5: 0.1168]
2024-05-02 02:36:29.659318 Epoch [063/080], Step [0040/0125],  lateral-5: 0.1149]
2024-05-02 02:36:45.788174 Epoch [063/080], Step [0060/0125],  lateral-5: 0.1139]
2024-05-02 02:37:01.925220 Epoch [063/080], Step [0080/0125],  lateral-5: 0.1135]
2024-05-02 02:37:18.047425 Epoch [063/080], Step [0100/0125],  lateral-5: 0.1148]
2024-05-02 02:37:34.172354 Epoch [063/080], Step [0120/0125],  lateral-5: 0.1171]
2024-05-02 02:37:37.882100 Epoch [063/080], Step [0125/0125],  lateral-5: 0.1171]
the number of test images is  1442
the current epoch is 63, the validation dice is 0.9131298890429964
2024-05-02 02:40:53.218145 Epoch [064/080], Step [0020/0125],  lateral-5: 0.1143]
2024-05-02 02:41:09.343437 Epoch [064/080], Step [0040/0125],  lateral-5: 0.1164]
2024-05-02 02:41:25.477557 Epoch [064/080], Step [0060/0125],  lateral-5: 0.1139]
2024-05-02 02:41:41.623052 Epoch [064/080], Step [0080/0125],  lateral-5: 0.1160]
2024-05-02 02:41:57.889370 Epoch [064/080], Step [0100/0125],  lateral-5: 0.1168]
2024-05-02 02:42:14.010599 Epoch [064/080], Step [0120/0125],  lateral-5: 0.1114]
2024-05-02 02:42:17.726929 Epoch [064/080], Step [0125/0125],  lateral-5: 0.1100]
the number of test images is  1442
the current epoch is 64, the validation dice is 0.9097482662968087
2024-05-02 02:45:22.483312 Epoch [065/080], Step [0020/0125],  lateral-5: 0.1165]
2024-05-02 02:45:38.587542 Epoch [065/080], Step [0040/0125],  lateral-5: 0.1133]
2024-05-02 02:45:54.711717 Epoch [065/080], Step [0060/0125],  lateral-5: 0.1112]
2024-05-02 02:46:10.852911 Epoch [065/080], Step [0080/0125],  lateral-5: 0.1109]
2024-05-02 02:46:27.003741 Epoch [065/080], Step [0100/0125],  lateral-5: 0.1146]
2024-05-02 02:46:43.150175 Epoch [065/080], Step [0120/0125],  lateral-5: 0.1176]
2024-05-02 02:46:46.864045 Epoch [065/080], Step [0125/0125],  lateral-5: 0.1168]
the number of test images is  1442
the current epoch is 65, the validation dice is 0.910464493758667
2024-05-02 02:49:50.920140 Epoch [066/080], Step [0020/0125],  lateral-5: 0.1132]
2024-05-02 02:50:07.001291 Epoch [066/080], Step [0040/0125],  lateral-5: 0.1148]
2024-05-02 02:50:23.150592 Epoch [066/080], Step [0060/0125],  lateral-5: 0.1151]
2024-05-02 02:50:39.313710 Epoch [066/080], Step [0080/0125],  lateral-5: 0.1117]
2024-05-02 02:50:55.449552 Epoch [066/080], Step [0100/0125],  lateral-5: 0.1121]
2024-05-02 02:51:11.573588 Epoch [066/080], Step [0120/0125],  lateral-5: 0.1124]
2024-05-02 02:51:15.285632 Epoch [066/080], Step [0125/0125],  lateral-5: 0.1145]
the number of test images is  1442
the current epoch is 66, the validation dice is 0.9105740638002773
2024-05-02 02:54:12.951600 Epoch [067/080], Step [0020/0125],  lateral-5: 0.1208]
2024-05-02 02:54:29.005496 Epoch [067/080], Step [0040/0125],  lateral-5: 0.1178]
2024-05-02 02:54:45.135402 Epoch [067/080], Step [0060/0125],  lateral-5: 0.1133]
2024-05-02 02:55:01.457003 Epoch [067/080], Step [0080/0125],  lateral-5: 0.1155]
2024-05-02 02:55:17.619347 Epoch [067/080], Step [0100/0125],  lateral-5: 0.1161]
2024-05-02 02:55:33.804403 Epoch [067/080], Step [0120/0125],  lateral-5: 0.1148]
2024-05-02 02:55:37.521179 Epoch [067/080], Step [0125/0125],  lateral-5: 0.1132]
the number of test images is  1442
the current epoch is 67, the validation dice is 0.912190568654645
2024-05-02 02:58:58.261799 Epoch [068/080], Step [0020/0125],  lateral-5: 0.1166]
2024-05-02 02:59:14.347186 Epoch [068/080], Step [0040/0125],  lateral-5: 0.1159]
2024-05-02 02:59:30.499812 Epoch [068/080], Step [0060/0125],  lateral-5: 0.1152]
2024-05-02 02:59:46.652466 Epoch [068/080], Step [0080/0125],  lateral-5: 0.1147]
2024-05-02 03:00:02.808980 Epoch [068/080], Step [0100/0125],  lateral-5: 0.1130]
2024-05-02 03:00:18.966909 Epoch [068/080], Step [0120/0125],  lateral-5: 0.1128]
2024-05-02 03:00:22.684441 Epoch [068/080], Step [0125/0125],  lateral-5: 0.1119]
the number of test images is  1442
the current epoch is 68, the validation dice is 0.9150166435506232
2024-05-02 03:03:28.070425 Epoch [069/080], Step [0020/0125],  lateral-5: 0.1115]
2024-05-02 03:03:44.140813 Epoch [069/080], Step [0040/0125],  lateral-5: 0.1103]
2024-05-02 03:04:00.226704 Epoch [069/080], Step [0060/0125],  lateral-5: 0.1115]
2024-05-02 03:04:16.355618 Epoch [069/080], Step [0080/0125],  lateral-5: 0.1129]
2024-05-02 03:04:32.484145 Epoch [069/080], Step [0100/0125],  lateral-5: 0.1164]
2024-05-02 03:04:48.609877 Epoch [069/080], Step [0120/0125],  lateral-5: 0.1167]
2024-05-02 03:04:52.321183 Epoch [069/080], Step [0125/0125],  lateral-5: 0.1184]
the number of test images is  1442
the current epoch is 69, the validation dice is 0.9137462552011096
2024-05-02 03:07:48.645023 Epoch [070/080], Step [0020/0125],  lateral-5: 0.1179]
2024-05-02 03:08:04.975965 Epoch [070/080], Step [0040/0125],  lateral-5: 0.1145]
2024-05-02 03:08:21.139638 Epoch [070/080], Step [0060/0125],  lateral-5: 0.1113]
2024-05-02 03:08:37.359371 Epoch [070/080], Step [0080/0125],  lateral-5: 0.1123]
2024-05-02 03:08:53.578725 Epoch [070/080], Step [0100/0125],  lateral-5: 0.1122]
2024-05-02 03:09:09.792283 Epoch [070/080], Step [0120/0125],  lateral-5: 0.1112]
2024-05-02 03:09:13.526226 Epoch [070/080], Step [0125/0125],  lateral-5: 0.1123]
the number of test images is  1442
the current epoch is 70, the validation dice is 0.9048216366158123
2024-05-02 03:12:36.429100 Epoch [071/080], Step [0020/0125],  lateral-5: 0.1185]
2024-05-02 03:12:52.508207 Epoch [071/080], Step [0040/0125],  lateral-5: 0.1133]
2024-05-02 03:13:08.600104 Epoch [071/080], Step [0060/0125],  lateral-5: 0.1134]
2024-05-02 03:13:24.738366 Epoch [071/080], Step [0080/0125],  lateral-5: 0.1168]
2024-05-02 03:13:40.901410 Epoch [071/080], Step [0100/0125],  lateral-5: 0.1159]
2024-05-02 03:13:57.052164 Epoch [071/080], Step [0120/0125],  lateral-5: 0.1145]
2024-05-02 03:14:00.773189 Epoch [071/080], Step [0125/0125],  lateral-5: 0.1128]
the number of test images is  1442
the current epoch is 71, the validation dice is 0.9131593619972258
2024-05-02 03:17:24.210585 Epoch [072/080], Step [0020/0125],  lateral-5: 0.1117]
2024-05-02 03:17:40.346482 Epoch [072/080], Step [0040/0125],  lateral-5: 0.1160]
2024-05-02 03:17:56.437395 Epoch [072/080], Step [0060/0125],  lateral-5: 0.1168]
2024-05-02 03:18:12.558757 Epoch [072/080], Step [0080/0125],  lateral-5: 0.1139]
2024-05-02 03:18:28.665635 Epoch [072/080], Step [0100/0125],  lateral-5: 0.1108]
2024-05-02 03:18:44.961037 Epoch [072/080], Step [0120/0125],  lateral-5: 0.1110]
2024-05-02 03:18:48.668050 Epoch [072/080], Step [0125/0125],  lateral-5: 0.1122]
the number of test images is  1442
the current epoch is 72, the validation dice is 0.9102502080443822
2024-05-02 03:21:57.686199 Epoch [073/080], Step [0020/0125],  lateral-5: 0.1079]
2024-05-02 03:22:13.758514 Epoch [073/080], Step [0040/0125],  lateral-5: 0.1101]
2024-05-02 03:22:29.855358 Epoch [073/080], Step [0060/0125],  lateral-5: 0.1137]
2024-05-02 03:22:45.981991 Epoch [073/080], Step [0080/0125],  lateral-5: 0.1169]
2024-05-02 03:23:02.102015 Epoch [073/080], Step [0100/0125],  lateral-5: 0.1155]
2024-05-02 03:23:18.223655 Epoch [073/080], Step [0120/0125],  lateral-5: 0.1136]
2024-05-02 03:23:21.937750 Epoch [073/080], Step [0125/0125],  lateral-5: 0.1146]
the number of test images is  1442
the current epoch is 73, the validation dice is 0.911290638002774
2024-05-02 03:26:05.713213 Epoch [074/080], Step [0020/0125],  lateral-5: 0.1148]
2024-05-02 03:26:21.773936 Epoch [074/080], Step [0040/0125],  lateral-5: 0.1134]
2024-05-02 03:26:37.883307 Epoch [074/080], Step [0060/0125],  lateral-5: 0.1155]
2024-05-02 03:26:54.009228 Epoch [074/080], Step [0080/0125],  lateral-5: 0.1151]
2024-05-02 03:27:10.145189 Epoch [074/080], Step [0100/0125],  lateral-5: 0.1108]
2024-05-02 03:27:26.287008 Epoch [074/080], Step [0120/0125],  lateral-5: 0.1160]
2024-05-02 03:27:30.008898 Epoch [074/080], Step [0125/0125],  lateral-5: 0.1149]
the number of test images is  1442
the current epoch is 74, the validation dice is 0.905811997226075
2024-05-02 03:30:46.438599 Epoch [075/080], Step [0020/0125],  lateral-5: 0.1136]
2024-05-02 03:31:02.503516 Epoch [075/080], Step [0040/0125],  lateral-5: 0.1120]
2024-05-02 03:31:18.625695 Epoch [075/080], Step [0060/0125],  lateral-5: 0.1129]
2024-05-02 03:31:34.760673 Epoch [075/080], Step [0080/0125],  lateral-5: 0.1132]
2024-05-02 03:31:51.055783 Epoch [075/080], Step [0100/0125],  lateral-5: 0.1146]
2024-05-02 03:32:07.235105 Epoch [075/080], Step [0120/0125],  lateral-5: 0.1168]
2024-05-02 03:32:10.960588 Epoch [075/080], Step [0125/0125],  lateral-5: 0.1145]
the number of test images is  1442
the current epoch is 75, the validation dice is 0.9108599861303751
2024-05-02 03:35:00.902196 Epoch [076/080], Step [0020/0125],  lateral-5: 0.1177]
2024-05-02 03:35:16.971068 Epoch [076/080], Step [0040/0125],  lateral-5: 0.1134]
2024-05-02 03:35:33.078735 Epoch [076/080], Step [0060/0125],  lateral-5: 0.1127]
2024-05-02 03:35:49.195000 Epoch [076/080], Step [0080/0125],  lateral-5: 0.1160]
2024-05-02 03:36:05.324961 Epoch [076/080], Step [0100/0125],  lateral-5: 0.1154]
2024-05-02 03:36:21.453377 Epoch [076/080], Step [0120/0125],  lateral-5: 0.1151]
2024-05-02 03:36:25.166513 Epoch [076/080], Step [0125/0125],  lateral-5: 0.1161]
the number of test images is  1442
the current epoch is 76, the validation dice is 0.9102313453536774
2024-05-02 03:39:56.170854 Epoch [077/080], Step [0020/0125],  lateral-5: 0.1140]
2024-05-02 03:40:12.217892 Epoch [077/080], Step [0040/0125],  lateral-5: 0.1134]
2024-05-02 03:40:28.323640 Epoch [077/080], Step [0060/0125],  lateral-5: 0.1124]
2024-05-02 03:40:44.443699 Epoch [077/080], Step [0080/0125],  lateral-5: 0.1142]
2024-05-02 03:41:00.562169 Epoch [077/080], Step [0100/0125],  lateral-5: 0.1172]
2024-05-02 03:41:16.678847 Epoch [077/080], Step [0120/0125],  lateral-5: 0.1159]
2024-05-02 03:41:20.388694 Epoch [077/080], Step [0125/0125],  lateral-5: 0.1167]
the number of test images is  1442
the current epoch is 77, the validation dice is 0.9133638696255214
2024-05-02 03:44:53.496258 Epoch [078/080], Step [0020/0125],  lateral-5: 0.1179]
2024-05-02 03:45:09.548256 Epoch [078/080], Step [0040/0125],  lateral-5: 0.1152]
2024-05-02 03:45:25.832168 Epoch [078/080], Step [0060/0125],  lateral-5: 0.1116]
2024-05-02 03:45:41.949378 Epoch [078/080], Step [0080/0125],  lateral-5: 0.1125]
2024-05-02 03:45:58.076820 Epoch [078/080], Step [0100/0125],  lateral-5: 0.1161]
2024-05-02 03:46:14.209397 Epoch [078/080], Step [0120/0125],  lateral-5: 0.1184]
2024-05-02 03:46:17.925691 Epoch [078/080], Step [0125/0125],  lateral-5: 0.1167]
the number of test images is  1442
the current epoch is 78, the validation dice is 0.9114437586685156
2024-05-02 03:49:44.564402 Epoch [079/080], Step [0020/0125],  lateral-5: 0.1141]
2024-05-02 03:50:00.616915 Epoch [079/080], Step [0040/0125],  lateral-5: 0.1129]
2024-05-02 03:50:16.717079 Epoch [079/080], Step [0060/0125],  lateral-5: 0.1126]
2024-05-02 03:50:32.831586 Epoch [079/080], Step [0080/0125],  lateral-5: 0.1148]
2024-05-02 03:50:48.977966 Epoch [079/080], Step [0100/0125],  lateral-5: 0.1147]
2024-05-02 03:51:05.103937 Epoch [079/080], Step [0120/0125],  lateral-5: 0.1116]
2024-05-02 03:51:08.817016 Epoch [079/080], Step [0125/0125],  lateral-5: 0.1128]
the number of test images is  1442
the current epoch is 79, the validation dice is 0.9125909153952835
